<!DOCTYPE html PUBLIC "-//W3C//DTD XHTML 1.1//EN" "http://www.w3.org/TR/xhtml11/DTD/xhtml11.dtd">
<html xmlns="http://www.w3.org/1999/xhtml">
<head>
<meta http-equiv="content-type" content="text/html; charset=UTF-8"/>
<title>TestNG Report</title>
<style type="text/css">table {margin-bottom:10px;border-collapse:collapse;empty-cells:show}th,td {border:1px solid #009;padding:.25em .5em}th {vertical-align:bottom}td {vertical-align:top}table a {font-weight:bold}.stripe td {background-color: #E6EBF9}.num {text-align:right}.passedodd td {background-color: #3F3}.passedeven td {background-color: #0A0}.skippedodd td {background-color: #DDD}.skippedeven td {background-color: #CCC}.failedodd td,.attn {background-color: #F33}.failedeven td,.stripe .attn {background-color: #D00}.stacktrace {white-space:pre;font-family:monospace}.totop {font-size:85%;text-align:center;border-bottom:2px solid #000}.invisible {display:none}</style>
</head>
<body>
<table>
<tr><th>Test</th><th># Passed</th><th># Skipped</th><th># Failed</th><th>Time (ms)</th><th>Included Groups</th><th>Excluded Groups</th></tr>
<tr><th colspan="7">SuiteName</th></tr>
<tr><td><a href="#t0">LoginTest</a></td><td class="num">0</td><td class="num attn">2</td><td class="num">0</td><td class="num">1,288</td><td></td><td></td></tr>
<tr class="stripe"><td><a href="#t1">Lead Test</a></td><td class="num">0</td><td class="num attn">9</td><td class="num">0</td><td class="num">841</td><td></td><td></td></tr>
<tr><th>Total</th><th class="num">0</th><th class="num attn">11</th><th class="num">0</th><th class="num">2,129</th><th colspan="2"></th></tr>
</table>
<table id='summary'><thead><tr><th>Class</th><th>Method</th><th>Start</th><th>Time (ms)</th></tr></thead><tbody><tr><th colspan="4">SuiteName</th></tr></tbody><tbody id="t0"><tr><th colspan="4">LoginTest &#8212; skipped</th></tr><tr class="skippedeven"><td rowspan="2">com.qtpselenium.zoho.project.testcases.LoginTest</td><td><a href="#m0">doLoginTest</a></td><td rowspan="2">1525441254716</td><td rowspan="2">4</td></tr><tr class="skippedeven"><td><a href="#m1">doLoginTest</a></td></tr></tbody>
<tbody id="t1"><tr><th colspan="4">Lead Test &#8212; skipped</th></tr><tr class="skippedeven"><td rowspan="9">com.qtpselenium.zoho.project.testcases.LeadTest</td><td><a href="#m2">ConvertLeadTest</a></td><td rowspan="4">1525441255756</td><td rowspan="4">2</td></tr><tr class="skippedeven"><td><a href="#m3">ConvertLeadTest</a></td></tr><tr class="skippedeven"><td><a href="#m4">ConvertLeadTest</a></td></tr><tr class="skippedeven"><td><a href="#m5">ConvertLeadTest</a></td></tr><tr class="skippedeven"><td><a href="#m6">CreateLeadTest</a></td><td rowspan="4">1525441255467</td><td rowspan="4">1</td></tr><tr class="skippedeven"><td><a href="#m7">CreateLeadTest</a></td></tr><tr class="skippedeven"><td><a href="#m8">CreateLeadTest</a></td></tr><tr class="skippedeven"><td><a href="#m9">CreateLeadTest</a></td></tr><tr class="skippedeven"><td><a href="#m10">deleteLeadAccountTest</a></td><td rowspan="1">1525441256030</td><td rowspan="1">1</td></tr></tbody>
</table>
<h2>LoginTest</h2><h3 id="m0">com.qtpselenium.zoho.project.testcases.LoginTest#doLoginTest</h3><table class="result"><tr class="param"><th>Parameter #1</th></tr><tr class="param stripe"><td>{Username=vrushisa36.13@gmail.com, ExpectedResult=Y, Password=VRUSH.123, Runmode=N, Browser=Morzilla}</td></tr><tr><th>Exception</th></tr><tr><td><div class="stacktrace">org.testng.SkipException: Skipping the test as Runmode is N
	at com.qtpselenium.zoho.project.testcases.LoginTest.doLoginTest(LoginTest.java:44)
... Removed 24 stack frames</div></td></tr></table><p class="totop"><a href="#summary">back to summary</a></p>
<h3 id="m1">com.qtpselenium.zoho.project.testcases.LoginTest#doLoginTest</h3><table class="result"><tr class="param"><th>Parameter #1</th></tr><tr class="param stripe"><td>{Username=vrushisa36.13@gmail.com, ExpectedResult=Y, Password=ghgdg, Runmode=N, Browser=Chrome}</td></tr><tr><th>Exception</th></tr><tr><td><div class="stacktrace">org.testng.SkipException: Skipping the test as Runmode is N
	at com.qtpselenium.zoho.project.testcases.LoginTest.doLoginTest(LoginTest.java:44)
... Removed 24 stack frames</div></td></tr></table><p class="totop"><a href="#summary">back to summary</a></p>
<h2>Lead Test</h2><h3 id="m2">com.qtpselenium.zoho.project.testcases.LeadTest#ConvertLeadTest</h3><table class="result"><tr class="param"><th>Parameter #1</th></tr><tr class="param stripe"><td>{Runmode=N, Lead_Company=SAMSUNG, Lead_Lastname=ALFRED, Browser=Morzilla}</td></tr><tr><th>Exception</th></tr><tr><td><div class="stacktrace">org.testng.SkipException: Skipping the test as Runmode is N
	at com.qtpselenium.zoho.project.testcases.LeadTest.ConvertLeadTest(LeadTest.java:78)
... Removed 24 stack frames</div></td></tr></table><p class="totop"><a href="#summary">back to summary</a></p>
<h3 id="m3">com.qtpselenium.zoho.project.testcases.LeadTest#ConvertLeadTest</h3><table class="result"><tr class="param"><th>Parameter #1</th></tr><tr class="param stripe"><td>{Runmode=N, Lead_Company=HP, Lead_Lastname=Perf, Browser=Chrome}</td></tr><tr><th>Exception</th></tr><tr><td><div class="stacktrace">org.testng.SkipException: Skipping the test as Runmode is N
	at com.qtpselenium.zoho.project.testcases.LeadTest.ConvertLeadTest(LeadTest.java:78)
... Removed 24 stack frames</div></td></tr></table><p class="totop"><a href="#summary">back to summary</a></p>
<h3 id="m4">com.qtpselenium.zoho.project.testcases.LeadTest#ConvertLeadTest</h3><table class="result"><tr class="param"><th>Parameter #1</th></tr><tr class="param stripe"><td>{Runmode=N, Lead_Company=ONIDA, Lead_Lastname=WILSON, Browser=Morzilla}</td></tr><tr><th>Exception</th></tr><tr><td><div class="stacktrace">org.testng.SkipException: Skipping the test as Runmode is N
	at com.qtpselenium.zoho.project.testcases.LeadTest.ConvertLeadTest(LeadTest.java:78)
... Removed 24 stack frames</div></td></tr></table><p class="totop"><a href="#summary">back to summary</a></p>
<h3 id="m5">com.qtpselenium.zoho.project.testcases.LeadTest#ConvertLeadTest</h3><table class="result"><tr class="param"><th>Parameter #1</th></tr><tr class="param stripe"><td>{Runmode=N, Lead_Company=Lenovo, Lead_Lastname=Edis, Browser=Chrome}</td></tr><tr><th>Exception</th></tr><tr><td><div class="stacktrace">org.testng.SkipException: Skipping the test as Runmode is N
	at com.qtpselenium.zoho.project.testcases.LeadTest.ConvertLeadTest(LeadTest.java:78)
... Removed 24 stack frames</div></td></tr></table><p class="totop"><a href="#summary">back to summary</a></p>
<h3 id="m6">com.qtpselenium.zoho.project.testcases.LeadTest#CreateLeadTest</h3><table class="result"><tr class="param"><th>Parameter #1</th></tr><tr class="param stripe"><td>{Runmode=N, Lead_Company=ONIDA, Lead_Lastname=WILSON, Browser=Morzilla}</td></tr><tr><th>Exception</th></tr><tr><td><div class="stacktrace">org.testng.SkipException: Skipping the test as Runmode is N
	at com.qtpselenium.zoho.project.testcases.LeadTest.CreateLeadTest(LeadTest.java:43)
... Removed 24 stack frames</div></td></tr></table><p class="totop"><a href="#summary">back to summary</a></p>
<h3 id="m7">com.qtpselenium.zoho.project.testcases.LeadTest#CreateLeadTest</h3><table class="result"><tr class="param"><th>Parameter #1</th></tr><tr class="param stripe"><td>{Runmode=N, Lead_Company=SAMSUNG, Lead_Lastname=ALFRED, Browser=Morzilla}</td></tr><tr><th>Exception</th></tr><tr><td><div class="stacktrace">org.testng.SkipException: Skipping the test as Runmode is N
	at com.qtpselenium.zoho.project.testcases.LeadTest.CreateLeadTest(LeadTest.java:43)
... Removed 24 stack frames</div></td></tr></table><p class="totop"><a href="#summary">back to summary</a></p>
<h3 id="m8">com.qtpselenium.zoho.project.testcases.LeadTest#CreateLeadTest</h3><table class="result"><tr class="param"><th>Parameter #1</th></tr><tr class="param stripe"><td>{Runmode=N, Lead_Company=HP, Lead_Lastname=Perf, Browser=Chrome}</td></tr><tr><th>Exception</th></tr><tr><td><div class="stacktrace">org.testng.SkipException: Skipping the test as Runmode is N
	at com.qtpselenium.zoho.project.testcases.LeadTest.CreateLeadTest(LeadTest.java:43)
... Removed 24 stack frames</div></td></tr></table><p class="totop"><a href="#summary">back to summary</a></p>
<h3 id="m9">com.qtpselenium.zoho.project.testcases.LeadTest#CreateLeadTest</h3><table class="result"><tr class="param"><th>Parameter #1</th></tr><tr class="param stripe"><td>{Runmode=N, Lead_Company=Lenovo, Lead_Lastname=Edis, Browser=Chrome}</td></tr><tr><th>Exception</th></tr><tr><td><div class="stacktrace">org.testng.SkipException: Skipping the test as Runmode is N
	at com.qtpselenium.zoho.project.testcases.LeadTest.CreateLeadTest(LeadTest.java:43)
... Removed 24 stack frames</div></td></tr></table><p class="totop"><a href="#summary">back to summary</a></p>
<h3 id="m10">com.qtpselenium.zoho.project.testcases.LeadTest#deleteLeadAccountTest</h3><table class="result"><tr class="param"><th>Parameter #1</th></tr><tr class="param stripe"><td>{Runmode=N, Lead_Company=WIPRO, Lead_Lastname=AZIZ, Browser=Morzilla}</td></tr><tr><th>Exception</th></tr><tr><td><div class="stacktrace">org.testng.SkipException: Skipping the test as Runmode is N
	at com.qtpselenium.zoho.project.testcases.LeadTest.deleteLeadAccountTest(LeadTest.java:102)
... Removed 24 stack frames</div></td></tr></table><p class="totop"><a href="#summary">back to summary</a></p>
</body>
</html>
